2025-01-05 14:06:28,026 : INFO : root : Loading config.
2025-01-05 14:06:28,029 : INFO : YamlMultifileConfigLoader : Machine config file #1: config.yaml
2025-01-05 14:06:28,030 : INFO : ConfigProcessor : Loading config from cache: C:\Users\marcu\AppData\Local\Temp\62ffdcdfb903f5d0df8285e2704fd504.mpf_cache
2025-01-05 14:06:28,121 : WARNING : ConfigProcessor : Config file in cache changed: C:\Users\marcu\Documents\RA2-Pinball\modes\attract\config\attract.yaml
2025-01-05 14:06:28,121 : INFO : ConfigProcessor : Loading config from file C:\Users\marcu\mpf-env\Lib\site-packages\mpf\modes\attract\config\attract.yaml.
2025-01-05 14:06:28,123 : INFO : ConfigProcessor : Loading config: C:\Users\marcu\mpf-env\Lib\site-packages\mpf\modes\attract\config\attract.yaml
2025-01-05 14:06:28,123 : INFO : ConfigProcessor : Loading config from file C:\Users\marcu\Documents\RA2-Pinball\modes\attract\config\attract.yaml.
2025-01-05 14:06:28,131 : INFO : ConfigProcessor : Loading config: C:\Users\marcu\Documents\RA2-Pinball\modes\attract\config\attract.yaml
2025-01-05 14:06:28,132 : INFO : ConfigProcessor : Config file cache created: C:\Users\marcu\AppData\Local\Temp\aa5bf5e7d7698d57ef5cf546c9fe3902.mpf_cache
2025-01-05 14:06:28,133 : INFO : ConfigProcessor : Loading config from cache: C:\Users\marcu\AppData\Local\Temp\8585e1b9e1c9a830f5d1d7fad5239a38.mpf_cache
2025-01-05 14:06:28,134 : INFO : ConfigProcessor : Loading config from cache: C:\Users\marcu\AppData\Local\Temp\aa5bf5e7d7698d57ef5cf546c9fe3902.mpf_cache
2025-01-05 14:06:28,141 : INFO : ConfigProcessor : Loading config from cache: C:\Users\marcu\AppData\Local\Temp\a5167e1ab4e20de4bfe590f9baa63622.mpf_cache
2025-01-05 14:06:28,142 : INFO : Machine : Mission Pinball Framework Core Engine v0.80.0.dev6
2025-01-05 14:06:28,142 : INFO : Machine : Command line arguments: {'no_load_cache': False, 'create_config_cache': True, 'bcp': True, 'configfile': ['config.yaml'], 'force_assets_load': False, 'platform_integration_test': False, 'jsonlogging': False, 'logfile': 'logs\\2025-01-05-14-06-28-mpf-DESKTOP-P33ACKK.log', 'pause': False, 'production': False, 'text_ui': False, 'loglevel': 15, 'consoleloglevel': 20, 'force_platform': 'virtual', 'syslog_address': None, 'full_logfile_path': 'C:\\Users\\marcu\\Documents\\RA2-Pinball\\logs\\2025-01-05-14-06-28-mpf-DESKTOP-P33ACKK.log'}
2025-01-05 14:06:28,142 : INFO : Machine : MPF path: C:\Users\marcu\mpf-env\Lib\site-packages\mpf
2025-01-05 14:06:28,142 : INFO : Machine : Machine path: C:\Users\marcu\Documents\RA2-Pinball
2025-01-05 14:06:28,142 : INFO : Machine : Platform: win32
2025-01-05 14:06:28,143 : INFO : Machine : Python executable location: C:\Users\marcu\mpf-env\Scripts\python.exe
2025-01-05 14:06:28,143 : INFO : Machine : Python version: 3.12.7 (64-bit)
2025-01-05 14:06:28,145 : INFO : Machine : Initializing MPF...
2025-01-05 14:06:28,225 : INFO : EventManager : Event: ======'machine_var_credits_string'====== Args={'value': 'FREE PLAY', 'prev_value': None, 'change': True}
2025-01-05 14:06:28,246 : INFO : EventManager : Event: ======'machine_var_master_volume'====== Args={'value': 0.5, 'prev_value': None, 'change': True}
2025-01-05 14:06:28,246 : INFO : EventManager : Event: ======'machine_var_mpf_version'====== Args={'value': 'Mission Pinball Framework v0.80.0.dev6', 'prev_value': None, 'change': True}
2025-01-05 14:06:28,246 : INFO : EventManager : Event: ======'machine_var_mpf_extended_version'====== Args={'value': 'Mission Pinball Framework v0.80.0.dev6, Config version:6, Show version: 6, BCP version:1.1', 'prev_value': None, 'change': True}
2025-01-05 14:06:28,246 : INFO : EventManager : Event: ======'machine_var_python_version'====== Args={'value': '3.12.7', 'prev_value': None, 'change': True}
2025-01-05 14:06:28,357 : INFO : EventManager : Event: ======'machine_var_platform'====== Args={'value': 'Windows-10-10.0.19045-SP0', 'prev_value': None, 'change': True}
2025-01-05 14:06:28,357 : INFO : EventManager : Event: ======'machine_var_platform_system'====== Args={'value': 'Windows', 'prev_value': None, 'change': True}
2025-01-05 14:06:28,357 : INFO : EventManager : Event: ======'machine_var_platform_release'====== Args={'value': '10', 'prev_value': None, 'change': True}
2025-01-05 14:06:28,357 : INFO : EventManager : Event: ======'machine_var_platform_version'====== Args={'value': '10.0.19045', 'prev_value': None, 'change': True}
2025-01-05 14:06:28,357 : INFO : EventManager : Event: ======'machine_var_platform_machine'====== Args={'value': 'AMD64', 'prev_value': None, 'change': True}
2025-01-05 14:06:28,357 : INFO : EventManager : Event: ======'machine_var_log_file_path'====== Args={'value': 'C:\\Users\\marcu\\Documents\\RA2-Pinball\\logs\\2025-01-05-14-06-28-mpf-DESKTOP-P33ACKK.log', 'prev_value': None, 'change': True}
2025-01-05 14:06:28,357 : INFO : EventManager : Event: ======'init_phase_1'====== Args={}
2025-01-05 14:06:28,372 : INFO : EventManager : Event: ======'init_phase_2'====== Args={}
2025-01-05 14:06:28,373 : INFO : EventManager : Event: ======'bcp_connection_attempt'====== Args={'name': 'local_display', 'host': 'localhost', 'port': 5050}
2025-01-05 14:06:28,374 : INFO : BCPClientSocket : Connecting BCP to 'local_display' at localhost:5050...
2025-01-05 14:06:36,852 : INFO : Machine : Starting the main run loop with active modes: []
2025-01-05 14:06:36,853 : WARNING : Machine : Attract mode is not active, game will not be playable. Please check your attract mode configuration.
2025-01-05 14:06:36,854 : INFO : Machine : Shutting down...
2025-01-05 14:06:36,854 : INFO : EventManager : Event: ======'shutdown'====== Args={}
2025-01-05 14:06:37,870 : INFO : root : MPF run loop ended.
