2025-01-05 14:11:01,242 : INFO : root : Loading config.
2025-01-05 14:11:01,246 : INFO : YamlMultifileConfigLoader : Machine config file #1: config.yaml
2025-01-05 14:11:01,247 : INFO : ConfigProcessor : Loading config from cache: C:\Users\marcu\AppData\Local\Temp\62ffdcdfb903f5d0df8285e2704fd504.mpf_cache
2025-01-05 14:11:01,335 : WARNING : ConfigProcessor : Config file in cache changed: C:\Users\marcu\Documents\RA2-Pinball\modes\attract\config\attract.yaml
2025-01-05 14:11:01,335 : INFO : ConfigProcessor : Loading config from file C:\Users\marcu\mpf-env\Lib\site-packages\mpf\modes\attract\config\attract.yaml.
2025-01-05 14:11:01,337 : INFO : ConfigProcessor : Loading config: C:\Users\marcu\mpf-env\Lib\site-packages\mpf\modes\attract\config\attract.yaml
2025-01-05 14:11:01,337 : INFO : ConfigProcessor : Loading config from file C:\Users\marcu\Documents\RA2-Pinball\modes\attract\config\attract.yaml.
2025-01-05 14:11:01,338 : INFO : ConfigProcessor : Loading config: C:\Users\marcu\Documents\RA2-Pinball\modes\attract\config\attract.yaml
2025-01-05 14:11:01,338 : INFO : ConfigProcessor : Config file cache created: C:\Users\marcu\AppData\Local\Temp\aa5bf5e7d7698d57ef5cf546c9fe3902.mpf_cache
2025-01-05 14:11:01,339 : INFO : ConfigProcessor : Loading config from cache: C:\Users\marcu\AppData\Local\Temp\8585e1b9e1c9a830f5d1d7fad5239a38.mpf_cache
2025-01-05 14:11:01,340 : INFO : ConfigProcessor : Loading config from cache: C:\Users\marcu\AppData\Local\Temp\aa5bf5e7d7698d57ef5cf546c9fe3902.mpf_cache
2025-01-05 14:11:01,342 : INFO : ConfigProcessor : Loading config from cache: C:\Users\marcu\AppData\Local\Temp\a5167e1ab4e20de4bfe590f9baa63622.mpf_cache
2025-01-05 14:11:01,343 : INFO : Machine : Mission Pinball Framework Core Engine v0.80.0.dev6
2025-01-05 14:11:01,343 : INFO : Machine : Command line arguments: {'no_load_cache': False, 'create_config_cache': True, 'bcp': True, 'configfile': ['config.yaml'], 'force_assets_load': False, 'platform_integration_test': False, 'jsonlogging': False, 'logfile': 'logs\\2025-01-05-14-11-01-mpf-DESKTOP-P33ACKK.log', 'pause': False, 'production': False, 'text_ui': False, 'loglevel': 15, 'consoleloglevel': 20, 'force_platform': 'virtual', 'syslog_address': None, 'full_logfile_path': 'C:\\Users\\marcu\\Documents\\RA2-Pinball\\logs\\2025-01-05-14-11-01-mpf-DESKTOP-P33ACKK.log'}
2025-01-05 14:11:01,343 : INFO : Machine : MPF path: C:\Users\marcu\mpf-env\Lib\site-packages\mpf
2025-01-05 14:11:01,343 : INFO : Machine : Machine path: C:\Users\marcu\Documents\RA2-Pinball
2025-01-05 14:11:01,343 : INFO : Machine : Platform: win32
2025-01-05 14:11:01,343 : INFO : Machine : Python executable location: C:\Users\marcu\mpf-env\Scripts\python.exe
2025-01-05 14:11:01,343 : INFO : Machine : Python version: 3.12.7 (64-bit)
2025-01-05 14:11:01,345 : INFO : Machine : Initializing MPF...
2025-01-05 14:11:01,423 : INFO : EventManager : Event: ======'machine_var_credits_string'====== Args={'value': 'FREE PLAY', 'prev_value': None, 'change': True}
2025-01-05 14:11:01,442 : INFO : EventManager : Event: ======'machine_var_master_volume'====== Args={'value': 0.5, 'prev_value': None, 'change': True}
2025-01-05 14:11:01,443 : INFO : EventManager : Event: ======'machine_var_mpf_version'====== Args={'value': 'Mission Pinball Framework v0.80.0.dev6', 'prev_value': None, 'change': True}
2025-01-05 14:11:01,443 : INFO : EventManager : Event: ======'machine_var_mpf_extended_version'====== Args={'value': 'Mission Pinball Framework v0.80.0.dev6, Config version:6, Show version: 6, BCP version:1.1', 'prev_value': None, 'change': True}
2025-01-05 14:11:01,443 : INFO : EventManager : Event: ======'machine_var_python_version'====== Args={'value': '3.12.7', 'prev_value': None, 'change': True}
2025-01-05 14:11:01,525 : INFO : EventManager : Event: ======'machine_var_platform'====== Args={'value': 'Windows-10-10.0.19045-SP0', 'prev_value': None, 'change': True}
2025-01-05 14:11:01,525 : INFO : EventManager : Event: ======'machine_var_platform_system'====== Args={'value': 'Windows', 'prev_value': None, 'change': True}
2025-01-05 14:11:01,525 : INFO : EventManager : Event: ======'machine_var_platform_release'====== Args={'value': '10', 'prev_value': None, 'change': True}
2025-01-05 14:11:01,525 : INFO : EventManager : Event: ======'machine_var_platform_version'====== Args={'value': '10.0.19045', 'prev_value': None, 'change': True}
2025-01-05 14:11:01,525 : INFO : EventManager : Event: ======'machine_var_platform_machine'====== Args={'value': 'AMD64', 'prev_value': None, 'change': True}
2025-01-05 14:11:01,525 : INFO : EventManager : Event: ======'machine_var_log_file_path'====== Args={'value': 'C:\\Users\\marcu\\Documents\\RA2-Pinball\\logs\\2025-01-05-14-11-01-mpf-DESKTOP-P33ACKK.log', 'prev_value': None, 'change': True}
2025-01-05 14:11:01,525 : INFO : EventManager : Event: ======'init_phase_1'====== Args={}
2025-01-05 14:11:01,538 : INFO : EventManager : Event: ======'init_phase_2'====== Args={}
2025-01-05 14:11:01,539 : INFO : EventManager : Event: ======'bcp_connection_attempt'====== Args={'name': 'local_display', 'host': 'localhost', 'port': 5050}
2025-01-05 14:11:01,540 : INFO : BCPClientSocket : Connecting BCP to 'local_display' at localhost:5050...
2025-01-05 14:11:01,549 : INFO : BCPClientSocket : Connected BCP to 'local_display' localhost:5050
2025-01-05 14:11:01,550 : INFO : EventManager : Event: ======'bcp_clients_connected'====== Args={}
2025-01-05 14:11:01,560 : INFO : EventManager : Event: ======'init_phase_3'====== Args={}
2025-01-05 14:11:01,562 : INFO : EventManager : Event: ======'init_phase_4'====== Args={}
2025-01-05 14:11:01,563 : INFO : EventManager : Event: ======'machine_var_audits_events_game_started'====== Args={'value': 0, 'prev_value': None, 'change': True}
2025-01-05 14:11:01,563 : INFO : EventManager : Event: ======'machine_var_audits_events_game_ended'====== Args={'value': 0, 'prev_value': None, 'change': True}
2025-01-05 14:11:01,563 : INFO : EventManager : Event: ======'machine_var_audits_player_score'====== Args={'value': {'top': [], 'average': 0, 'total': 0}, 'prev_value': None, 'change': True}
2025-01-05 14:11:01,564 : INFO : EventManager : Event: ======'init_phase_5'====== Args={}
2025-01-05 14:11:01,564 : INFO : EventManager : Event: ======'init_done'====== Args={}
2025-01-05 14:11:01,564 : INFO : EventManager : Event: ======'machine_reset_phase_1'====== Args={}
2025-01-05 14:11:01,575 : INFO : EventManager : Event: ======'machine_reset_phase_2'====== Args={}
2025-01-05 14:11:01,575 : INFO : EventManager : Event: ======'machine_reset_phase_3'====== Args={}
2025-01-05 14:11:01,575 : INFO : EventManager : Event: ======'reset_complete'====== Args={}
2025-01-05 14:11:01,576 : INFO : EventManager : Event: ======'mode_attract_will_start'====== Args={}
2025-01-05 14:11:01,576 : INFO : EventManager : Event: ======'mode_attract_starting'====== Args={}
2025-01-05 14:11:01,577 : INFO : Mode.attract : Started. Priority: 10
2025-01-05 14:11:01,577 : INFO : EventManager : Event: ======'modes_active_modes_changed'====== Args={}
2025-01-05 14:11:01,577 : INFO : EventManager : Event: ======'mode_attract_started'====== Args={}
2025-01-05 14:11:01,577 : INFO : EventManager : Event: ======'collecting_balls_complete'====== Args={}
2025-01-05 14:11:01,577 : INFO : Machine : Starting the main run loop with active modes: [<Mode.attract>]
2025-01-05 14:11:01,601 : INFO : EventManager : Event: ======'slide_attract_created'====== Args={'_from_bcp': True}
2025-01-05 14:11:01,601 : INFO : EventManager : Event: ======'slide__removed'====== Args={'_from_bcp': True}
2025-01-05 14:11:01,601 : INFO : EventManager : Event: ======'slide_attract_active'====== Args={'original_context': 'attract', 'original_calling_context': 'mode_attract_started', 'priority': 10.0, 'cmd': 'slides_play', '_from_bcp': True}
2025-01-05 14:11:17,109 : INFO : Machine : Shutting down...
2025-01-05 14:11:17,109 : INFO : EventManager : Event: ======'shutdown'====== Args={}
2025-01-05 14:11:17,119 : INFO : root : MPF run loop ended.
